{
  "RSpec": {
    "coverage": {
      "/Users/willoughbyhood/Projects/oh_hell_scorer/spec/player_spec.rb": {
        "lines": [
          1,
          null,
          1,
          3,
          null,
          1,
          1,
          1,
          null,
          null,
          null,
          1,
          1,
          1,
          1,
          null,
          null,
          null
        ]
      },
      "/Users/willoughbyhood/Projects/oh_hell_scorer/lib/player.rb": {
        "lines": [
          1,
          null,
          1,
          1,
          null,
          1,
          2,
          2,
          null,
          null,
          1,
          1,
          null,
          null
        ]
      },
      "/Users/willoughbyhood/Projects/oh_hell_scorer/lib/scorecard.rb": {
        "lines": [
          1,
          1,
          null,
          1,
          7,
          null,
          null,
          1,
          7,
          4,
          3,
          2,
          1,
          1,
          null,
          null,
          null,
          1,
          1,
          4,
          null,
          null,
          1,
          3,
          null,
          null
        ]
      },
      "/Users/willoughbyhood/Projects/oh_hell_scorer/spec/scorecard_spec.rb": {
        "lines": [
          1,
          1,
          1,
          1,
          1,
          1,
          1,
          1,
          null,
          null,
          null,
          1,
          1,
          1,
          null,
          1,
          1,
          null,
          1,
          1,
          null,
          1,
          1,
          null,
          null,
          null
        ]
      }
    },
    "timestamp": 1630617583
  }
}
